<?xml version="1.0" encoding="UTF-8"?>
<testng-results ignored="0" total="1" passed="1" failed="0" skipped="0">
  <reporter-output>
  </reporter-output>
  <suite started-at="2024-12-15T23:47:18 GST" name="Default suite" finished-at="2024-12-15T23:47:18 GST" duration-ms="41">
    <groups>
    </groups>
    <test started-at="2024-12-15T23:47:18 GST" name="Default test" finished-at="2024-12-15T23:47:18 GST" duration-ms="41">
      <class name="test.TestNG1">
        <test-method signature="Demo()[pri:0, instance:test.TestNG1@49912c99]" started-at="2024-12-15T23:47:18 GST" name="Demo" finished-at="2024-12-15T23:47:18 GST" duration-ms="10" status="PASS">
          <reporter-output>
          </reporter-output>
        </test-method> <!-- Demo -->
      </class> <!-- test.TestNG1 -->
    </test> <!-- Default test -->
  </suite> <!-- Default suite -->
</testng-results>
