<?xml version="1.0" encoding="UTF-8"?>
<testng-results ignored="1" total="3" passed="2" failed="0" skipped="0">
  <reporter-output>
  </reporter-output>
  <suite started-at="2024-12-16T18:43:01 GST" name="Suite" finished-at="2024-12-16T18:43:01 GST" duration-ms="54">
    <groups>
    </groups>
    <test started-at="2024-12-16T18:43:01 GST" name="Test1234" finished-at="2024-12-16T18:43:01 GST" duration-ms="54">
      <class name="test.TestNG2">
        <test-method signature="Hithere()[pri:0, instance:test.TestNG2@6babf3bf]" started-at="2024-12-16T18:43:01 GST" name="Hithere" finished-at="2024-12-16T18:43:01 GST" duration-ms="1" status="PASS">
          <reporter-output>
          </reporter-output>
        </test-method> <!-- Hithere -->
      </class> <!-- test.TestNG2 -->
      <class name="test.TestNG1">
        <test-method signature="SayGoodBye()[pri:0, instance:test.TestNG1@15bbf42f]" started-at="2024-12-16T18:43:01 GST" name="SayGoodBye" finished-at="2024-12-16T18:43:01 GST" duration-ms="14" status="PASS">
          <reporter-output>
          </reporter-output>
        </test-method> <!-- SayGoodBye -->
      </class> <!-- test.TestNG1 -->
    </test> <!-- Test1234 -->
  </suite> <!-- Suite -->
</testng-results>
